<?xml version="1.0" encoding="UTF-8"?>
<!-- Generated by org.testng.reporters.JUnitReportReporter -->
<testsuite skipped="1" hostname="Fazle-PC" name="org.zia.selenium.ddt.BankLoginExcel" tests="1" failures="0" timestamp="08 Dec 2018 17:08:33 GMT" time="0.000" errors="0">
  <testcase name="loginToBank" time="0.000" classname="org.zia.selenium.ddt.BankLoginExcel">
    <skipped/>
  </testcase> <!-- loginToBank -->
</testsuite> <!-- org.zia.selenium.ddt.BankLoginExcel -->
